<?xml version="1.0" encoding="UTF-8"?>
<testsuite errors="0" failures="0" name="" skipped="0" tests="14" time="4.627558">
<testcase classname="" name="Not logged in user should see their own language based on their browser (outline example : | en |)" time="0.144135">
  <system-out/>
  <system-err/>
</testcase>
<testcase classname="" name="Not logged in user should see their own language based on their browser (outline example : | ga |)" time="0.385297">
  <system-out/>
  <system-err/>
</testcase>
<testcase classname="" name="A logged in user should see languages that they have set in their profile (outline example : | en | englishuser | en |)" time="0.252668">
  <system-out/>
  <system-err/>
</testcase>
<testcase classname="" name="A logged in user should see languages that they have set in their profile (outline example : | ga | englishuser | en |)" time="0.405680">
  <system-out/>
  <system-err/>
</testcase>
<testcase classname="" name="A logged in user should see languages that they have set in their profile (outline example : | ga | irishuser | ga |)" time="0.243954">
  <system-out/>
  <system-err/>
</testcase>
<testcase classname="" name="A logged in user should see languages that they have set in their profile (outline example : | en | irishuser | ga |)" time="0.196036">
  <system-out/>
  <system-err/>
</testcase>
<testcase classname="" name="Changing from Language set in the profile to a different Language (outline example : | en | englishuser | en | ga |)" time="0.527326">
  <system-out/>
  <system-err/>
</testcase>
<testcase classname="" name="Changing from Language set in the profile to a different Language (outline example : | en | englishuser | ga | en |)" time="0.360903">
  <system-out/>
  <system-err/>
</testcase>
<testcase classname="" name="Changing from Language set in the profile to a different Language (outline example : | ga | englishuser | ga | en |)" time="0.319526">
  <system-out/>
  <system-err/>
</testcase>
<testcase classname="" name="Changing from Language set in the profile to a different Language (outline example : | ga | englishuser | en | ga |)" time="0.491374">
  <system-out/>
  <system-err/>
</testcase>
<testcase classname="" name="Changing from Language set in the profile to a different Language (outline example : | ga | irishuser | ga | en |)" time="0.299341">
  <system-out/>
  <system-err/>
</testcase>
<testcase classname="" name="Changing from Language set in the profile to a different Language (outline example : | ga | irishuser | en | ga |)" time="0.325725">
  <system-out/>
  <system-err/>
</testcase>
<testcase classname="" name="Changing from Language set in the profile to a different Language (outline example : | en | irishuser | ga | en |)" time="0.371904">
  <system-out/>
  <system-err/>
</testcase>
<testcase classname="" name="Changing from Language set in the profile to a different Language (outline example : | en | irishuser | en | ga |)" time="0.303689">
  <system-out/>
  <system-err/>
</testcase>
  <system-out>
    <![CDATA[]]>
  </system-out>
  <system-err>
    <![CDATA[]]>
  </system-err>
</testsuite>
