<?xml version="1.0" encoding="UTF-8"?>
<testsuite errors="0" failures="0" name="" skipped="8" tests="8" time="0.080490">
<testcase classname="" name="Anonymous user access" time="0.007035">
  <skipped/>
  <system-out/>
  <system-err/>
</testcase>
<testcase classname="" name="Anonymous user search" time="0.010900">
  <skipped/>
  <system-out/>
  <system-err/>
</testcase>
<testcase classname="" name="Anonymous user wants to create an account" time="0.006977">
  <skipped/>
  <system-out/>
  <system-err/>
</testcase>
<testcase classname="" name="Logged in user search" time="0.009725">
  <skipped/>
  <system-out/>
  <system-err/>
</testcase>
<testcase classname="" name="Accessing restricted content by joining a group" time="0.016895">
  <skipped/>
  <system-out/>
  <system-err/>
</testcase>
<testcase classname="" name="Accessing restricted contact by contacting the collection manager" time="0.013708">
  <skipped/>
  <system-out/>
  <system-err/>
</testcase>
<testcase classname="" name="ingest for non-collection manager" time="0.005238">
  <skipped/>
  <system-out/>
  <system-err/>
</testcase>
<testcase classname="" name="Becoming a collection manager" time="0.010012">
  <skipped/>
  <system-out/>
  <system-err/>
</testcase>
  <system-out>
    <![CDATA[]]>
  </system-out>
  <system-err>
    <![CDATA[]]>
  </system-err>
</testsuite>
