<?xml version="1.0" encoding="UTF-8"?>
<testsuite errors="0" failures="0" name="Bug-362" skipped="1" tests="1" time="0.004497">
<testcase classname="Bug-362" name="Logging out" time="0.004497">
  <skipped/>
  <system-out/>
  <system-err/>
</testcase>
  <system-out>
    <![CDATA[]]>
  </system-out>
  <system-err>
    <![CDATA[]]>
  </system-err>
</testsuite>
