<?xml version="1.0" encoding="UTF-8"?>
<testsuite errors="0" failures="0" name="" skipped="0" tests="17" time="5.628122">
<testcase classname="" name="Navigate to the Sign in page" time="0.121265">
  <system-out/>
  <system-err/>
</testcase>
<testcase classname="" name="Navigate to the Sign up page" time="0.142742">
  <system-out/>
  <system-err/>
</testcase>
<testcase classname="" name="Creating a new valid user account" time="0.363202">
  <system-out/>
  <system-err/>
</testcase>
<testcase classname="" name="Creating an invalid user account with duplicate email" time="0.130641">
  <system-out/>
  <system-err/>
</testcase>
<testcase classname="" name="Creating an invalid user account with non-matching password confirmation" time="0.108138">
  <system-out/>
  <system-err/>
</testcase>
<testcase classname="" name="Creating an invalid user account with too short password" time="0.112517">
  <system-out/>
  <system-err/>
</testcase>
<testcase classname="" name="User signs in with valid credentials" time="0.152607">
  <system-out/>
  <system-err/>
</testcase>
<testcase classname="" name="User signs in with invalid credentials" time="0.114984">
  <system-out/>
  <system-err/>
</testcase>
<testcase classname="" name="Logging out" time="0.582595">
  <system-out/>
  <system-err/>
</testcase>
<testcase classname="" name="A user should be able to edit their details" time="1.896461">
  <system-out/>
  <system-err/>
</testcase>
<testcase classname="" name="A user should be able to cancel their account" time="0.371310">
  <system-out/>
  <system-err/>
</testcase>
<testcase classname="" name="A user should be able to recover their password" time="0.001572">
  <system-out/>
  <system-err/>
</testcase>
<testcase classname="" name="A user should be able to provide a profile image url" time="0.337430">
  <system-out/>
  <system-err/>
</testcase>
<testcase classname="" name="A user should be able to use gravatar for a profile image" time="0.225986">
  <system-out/>
  <system-err/>
</testcase>
<testcase classname="" name="A user should be able to remove their profile image" time="0.224075">
  <system-out/>
  <system-err/>
</testcase>
<testcase classname="" name="A user provides an invalid profile image url" time="0.438616">
  <system-out/>
  <system-err/>
</testcase>
<testcase classname="" name="an admin user creates a new user account" time="0.303981">
  <system-out/>
  <system-err/>
</testcase>
  <system-out>
    <![CDATA[]]>
  </system-out>
  <system-err>
    <![CDATA[]]>
  </system-err>
</testsuite>
