<?xml version="1.0" encoding="UTF-8"?>
<testsuite errors="0" failures="0" name="Export files" skipped="2" tests="2" time="0.012240">
<testcase classname="Export files" name="Export DigitalObject's metadata" time="0.007780">
  <skipped/>
  <system-out/>
  <system-err/>
</testcase>
<testcase classname="Export files" name="Export a DigitalObject's asset" time="0.004460">
  <skipped/>
  <system-out/>
  <system-err/>
</testcase>
  <system-out>
    <![CDATA[]]>
  </system-out>
  <system-err>
    <![CDATA[]]>
  </system-err>
</testsuite>
