<?xml version="1.0" encoding="UTF-8"?>
<testsuite errors="0" failures="0" name="" skipped="0" tests="2" time="0.221103">
<testcase classname="" name="Committing a valid Digital Object" time="0.162167">
  <system-out/>
  <system-err/>
</testcase>
<testcase classname="" name="Committing a Digital Object with incorrectly structured metadata file" time="0.058936">
  <system-out/>
  <system-err/>
</testcase>
  <system-out>
    <![CDATA[]]>
  </system-out>
  <system-err>
    <![CDATA[]]>
  </system-err>
</testsuite>
