<?xml version="1.0" encoding="UTF-8"?>
<testsuite errors="0" failures="8" name="" skipped="0" tests="17" time="102.860213">
<testcase classname="" name="Navigating to the ingest page" time="0.276614">
  <system-out/>
  <system-err/>
</testcase>
<testcase classname="" name="Constructing a valid Digital Object" time="5.536344">
  <system-out/>
  <system-err/>
</testcase>
<testcase classname="" name="Constructing a Digital Object with metadata that incorrect or incomplete (outline example : | audio | metadata_no_rights.xml | invalid object |)" time="3.622208">
  <system-out/>
  <system-err/>
</testcase>
<testcase classname="" name="Constructing a Digital Object with metadata that incorrect or incomplete (outline example : | audio | invalid_schema_metadata.xml | invalid schema |)" time="3.377604">
  <system-out/>
  <system-err/>
</testcase>
<testcase classname="" name="Constructing a Digital Object with metadata that incorrect or incomplete (outline example : | audio | invalid_xml_metadata.xml | invalid metadata |)" time="3.054087">
  <system-out/>
  <system-err/>
</testcase>
<testcase classname="" name="Constructing a valid Digital Object (outline example : | pdfdoc | dublin_core_pdfdoc_sample.xml | Text |)" time="6.075814">
  <system-out/>
  <system-err/>
</testcase>
<testcase classname="" name="Constructing a valid Digital Object (outline example : | audio | SAMPLEA.xml | Sound |)" time="5.116607">
  <system-out/>
  <system-err/>
</testcase>
<testcase classname="" name="Adding a pdf asset to an object" time="7.207960">
  <failure message="failed Adding a pdf asset to an object" type="failed">
    <![CDATA[Scenario: Adding a pdf asset to an object

Given I am logged in as "user1" in the group "cm"
Given I have created a pdfdoc object
Then I should see a link to edit an object
When I follow the link to edit an object
And I attach the asset file "sample_pdf.pdf"
And I press the button to upload a file
Then I should see a success message for file upload

Message:
]]>
    <![CDATA[Unable to find file field "Filedata" (Capybara::ElementNotFound)
./features/step_definitions/web_steps.rb:162:in `/^I attach the asset file "(.*?)"$/'
features/web_construct_object.feature:71:in `And I attach the asset file "sample_pdf.pdf"']]>
  </failure>
  <system-out/>
  <system-err/>
</testcase>
<testcase classname="" name="Replacing the metadata file of a Digital Object" time="7.711945">
  <system-out/>
  <system-err/>
</testcase>
<testcase classname="" name="Constructing a Digital Object using the web form" time="6.464702">
  <system-out/>
  <system-err/>
</testcase>
<testcase classname="" name="Editing the metadata of a Digital Object using the web form" time="7.939464">
  <failure message="failed Editing the metadata of a Digital Object using the web form" type="failed">
    <![CDATA[Scenario: Editing the metadata of a Digital Object using the web form

Given I am logged in as "user1" in the group "cm"
Given I have created a Digital Object
Then I should see a link to edit an object
When I follow the link to edit an object
And I enter modified metadata
And I press the button to save changes
And I follow the link to view record
Then I should see the modified metadata

Message:
]]>
    <![CDATA[Unable to find field "batch_creation_date][" (Capybara::ElementNotFound)
./features/support/interface.rb:57:in `block in enter_modified_metadata'
./features/support/interface.rb:56:in `enter_modified_metadata'
./features/step_definitions/web_steps.rb:158:in `/^I enter modified metadata$/'
features/web_construct_object.feature:114:in `And I enter modified metadata']]>
  </failure>
  <system-out/>
  <system-err/>
</testcase>
<testcase classname="" name="Adding and replacing the audio file for a Digital Object" time="7.537032">
  <failure message="failed Adding and replacing the audio file for a Digital Object" type="failed">
    <![CDATA[Scenario: Adding and replacing the audio file for a Digital Object

Given I am logged in as "user1" in the group "cm"
Given I have created a Digital Object
Then I should see a link to edit an object
When I follow the link to edit an object
And I attach the asset file "sample_audio.mp3"
And I press the button to upload a file
Then I should see a success message for file upload
When I follow the link to edit an object
And I attach the asset file "sample_audio.mp3"
And I press the button to replace a file
Then I should see a success message for file upload

Message:
]]>
    <![CDATA[Unable to find file field "Filedata" (Capybara::ElementNotFound)
./features/step_definitions/web_steps.rb:162:in `/^I attach the asset file "(.*?)"$/'
features/web_construct_object.feature:123:in `And I attach the asset file "sample_audio.mp3"']]>
  </failure>
  <system-out/>
  <system-err/>
</testcase>
<testcase classname="" name="Adding an audio file that is not valid (outline example : | sample_audio.txt | invalid file type |)" time="8.161253">
  <failure message="failed Adding an audio file that is not valid (outline example : | sample_audio.txt | invalid file type |)" type="failed">
    <![CDATA[Scenario Outline: Adding an audio file that is not valid

Example row: | sample_audio.txt | invalid file type |

Message:
]]>
    <![CDATA[Unable to find file field "Filedata" (Capybara::ElementNotFound)
./features/step_definitions/web_steps.rb:162:in `/^I attach the asset file "(.*?)"$/'
features/web_construct_object.feature:135:in `And I attach the asset file "<asset_name>"']]>
  </failure>
  <system-out/>
  <system-err/>
</testcase>
<testcase classname="" name="Adding an audio file that is not valid (outline example : | sample_invalid_audio.mp3 | invalid file type |)" time="7.741342">
  <failure message="failed Adding an audio file that is not valid (outline example : | sample_invalid_audio.mp3 | invalid file type |)" type="failed">
    <![CDATA[Scenario Outline: Adding an audio file that is not valid

Example row: | sample_audio.txt | invalid file type |

Message:
Example row: | sample_invalid_audio.mp3 | invalid file type |

Message:
]]>
    <![CDATA[Unable to find file field "Filedata" (Capybara::ElementNotFound)
./features/step_definitions/web_steps.rb:162:in `/^I attach the asset file "(.*?)"$/'
features/web_construct_object.feature:135:in `And I attach the asset file "<asset_name>"']]>
  </failure>
  <system-out/>
  <system-err/>
</testcase>
<testcase classname="" name="Adding a file that contains a virus" time="7.178981">
  <failure message="failed Adding a file that contains a virus" type="failed">
    <![CDATA[Scenario: Adding a file that contains a virus

Given I am logged in as "user1" in the group "cm"
Given I have created a Digital Object
Then I should see a link to edit an object
When I follow the link to edit an object
And I upload the virus file "sample_virus.mp3"
Then I should see a failure message for "virus detected"

Message:
]]>
    <![CDATA[Unable to find file field "Filedata" (Capybara::ElementNotFound)
./features/step_definitions/virus_steps.rb:2:in `/^I upload the virus file "(.*?)"$/'
features/web_construct_object.feature:148:in `And I upload the virus file "sample_virus.mp3"']]>
  </failure>
  <system-out/>
  <system-err/>
</testcase>
<testcase classname="" name="Editing an audio file where the file is invalid (outline example : | sample_audio.txt | invalid file type |)" time="8.532661">
  <failure message="failed Editing an audio file where the file is invalid (outline example : | sample_audio.txt | invalid file type |)" type="failed">
    <![CDATA[Scenario Outline: Editing an audio file where the file is invalid

Example row: | sample_audio.txt | invalid file type |

Message:
]]>
    <![CDATA[Unable to find file field "Filedata" (Capybara::ElementNotFound)
./features/step_definitions/web_steps.rb:162:in `/^I attach the asset file "(.*?)"$/'
./features/step_definitions/web_steps.rb:85:in `/^I have added an audio file$/'
features/web_construct_object.feature:153:in `And I have added an audio file']]>
  </failure>
  <system-out/>
  <system-err/>
</testcase>
<testcase classname="" name="Editing an audio file where the file is invalid (outline example : | sample_invalid_audio.mp3 | invalid file type |)" time="7.325595">
  <failure message="failed Editing an audio file where the file is invalid (outline example : | sample_invalid_audio.mp3 | invalid file type |)" type="failed">
    <![CDATA[Scenario Outline: Editing an audio file where the file is invalid

Example row: | sample_audio.txt | invalid file type |

Message:
Example row: | sample_invalid_audio.mp3 | invalid file type |

Message:
]]>
    <![CDATA[Unable to find file field "Filedata" (Capybara::ElementNotFound)
./features/step_definitions/web_steps.rb:162:in `/^I attach the asset file "(.*?)"$/'
./features/step_definitions/web_steps.rb:85:in `/^I have added an audio file$/'
features/web_construct_object.feature:153:in `And I have added an audio file']]>
  </failure>
  <system-out/>
  <system-err/>
</testcase>
  <system-out>
    <![CDATA[]]>
  </system-out>
  <system-err>
    <![CDATA[]]>
  </system-err>
</testsuite>
