<?xml version="1.0" encoding="UTF-8"?>
<testsuite errors="0" failures="0" name="Generate Surrogate Digital Objects" skipped="2" tests="2" time="9.958655">
<testcase classname="Generate Surrogate Digital Objects" name="Running background jobs and creating surrogates for different object types (outline example : | Sound | mp3, clip |)" time="4.849170">
  <skipped/>
  <system-out/>
  <system-err/>
</testcase>
<testcase classname="Generate Surrogate Digital Objects" name="Running background jobs and creating surrogates for different object types (outline example : | Text | extract |)" time="5.109485">
  <skipped/>
  <system-out/>
  <system-err/>
</testcase>
  <system-out>
    <![CDATA[]]>
  </system-out>
  <system-err>
    <![CDATA[]]>
  </system-err>
</testsuite>
