<?xml version="1.0" encoding="UTF-8"?>
<testsuite errors="0" failures="0" name="Bug-395" skipped="1" tests="1" time="0.004240">
<testcase classname="Bug-395" name="Search Fields drop-down should appear on the collection page" time="0.004240">
  <skipped/>
  <system-out/>
  <system-err/>
</testcase>
  <system-out>
    <![CDATA[]]>
  </system-out>
  <system-err>
    <![CDATA[]]>
  </system-err>
</testsuite>
