<?xml version="1.0" encoding="UTF-8"?>
<testsuite errors="0" failures="0" name="Workflows for an edit user" skipped="3" tests="3" time="0.024093">
<testcase classname="Workflows for an edit user" name="Navigating to the collection page" time="0.013123">
  <skipped/>
  <system-out/>
  <system-err/>
</testcase>
<testcase classname="Workflows for an edit user" name="Adding edit users" time="0.006749">
  <skipped/>
  <system-out/>
  <system-err/>
</testcase>
<testcase classname="Workflows for an edit user" name="Adding manager users" time="0.004221">
  <skipped/>
  <system-out/>
  <system-err/>
</testcase>
  <system-out>
    <![CDATA[]]>
  </system-out>
  <system-err>
    <![CDATA[]]>
  </system-err>
</testsuite>
