<?xml version="1.0" encoding="UTF-8"?>
<testsuite errors="0" failures="0" name="" skipped="6" tests="15" time="17.831014">
<testcase classname="" name="Navigating to the collections page" time="0.047200">
  <system-out/>
  <system-err/>
</testcase>
<testcase classname="" name="Constructing a valid collection" time="2.142941">
  <system-out/>
  <system-err/>
</testcase>
<testcase classname="" name="Constructing a collection with valid permissions" time="2.039839">
  <system-out/>
  <system-err/>
</testcase>
<testcase classname="" name="Constructing a collection with invalid permissions" time="1.616848">
  <system-out/>
  <system-err/>
</testcase>
<testcase classname="" name="Updating a collection with invalid permissions" time="2.166164">
  <system-out/>
  <system-err/>
</testcase>
<testcase classname="" name="Adding a Digital Object in a governing/non-governing collection (outline example : | dri:obj1 | Object 1 | Test 1 | audio | Test Rights | dri:coll1 | governing |)" time="0.149862">
  <skipped/>
  <system-out/>
  <system-err/>
</testcase>
<testcase classname="" name="Adding a Digital Object in a governing/non-governing collection (outline example : | dri:obj2 | Object 2 | Test 2 | pdfdoc | Test Rights | dri:coll1 | governing |)" time="0.147622">
  <skipped/>
  <system-out/>
  <system-err/>
</testcase>
<testcase classname="" name="Adding a Digital Object in a governing/non-governing collection (outline example : | dri:obj3 | Object 3 | Test 3 | audio | Test Rights | dri:coll2 | non-governing |)" time="0.236465">
  <skipped/>
  <system-out/>
  <system-err/>
</testcase>
<testcase classname="" name="Adding a Digital Object in a governing/non-governing collection (outline example : | dri:obj4 | Object 4 | Test 4 | pdfdoc | Test Rights | dri:coll2 | non-governing |)" time="0.148611">
  <skipped/>
  <system-out/>
  <system-err/>
</testcase>
<testcase classname="" name="Creating Digital Object in a governing collection using the web forms (outline example : | dri:obj1 | Object 1 | dri:coll1 | governing |)" time="4.559776">
  <system-out/>
  <system-err/>
</testcase>
<testcase classname="" name="Adding a Digital Object to a non-governing collection using the web forms" time="0.193671">
  <skipped/>
  <system-out/>
  <system-err/>
</testcase>
<testcase classname="" name="Removing a Digital Object from a non-governing collection using the web forms" time="0.098063">
  <skipped/>
  <system-out/>
  <system-err/>
</testcase>
<testcase classname="" name="Deleting a collection as an admin" time="2.466255">
  <system-out/>
  <system-err/>
</testcase>
<testcase classname="" name="Non-admin should not be given option to delete" time="1.723627">
  <system-out/>
  <system-err/>
</testcase>
<testcase classname="" name="Committing a Digital Object which is a duplicate of an existing Digital Object in the same collection" time="0.094070">
  <system-out/>
  <system-err/>
</testcase>
  <system-out>
    <![CDATA[]]>
  </system-out>
  <system-err>
    <![CDATA[]]>
  </system-err>
</testsuite>
