<?xml version="1.0" encoding="UTF-8"?>
<testsuite errors="0" failures="1" name="" skipped="0" tests="14" time="4.430486">
<testcase classname="" name="Not logged in user should see their own language based on their browser (outline example : | en |)" time="0.186926">
  <system-out/>
  <system-err/>
</testcase>
<testcase classname="" name="Not logged in user should see their own language based on their browser (outline example : | ga |)" time="0.254462">
  <failure message="failed Not logged in user should see their own language based on their browser (outline example : | ga |)" type="failed">
    <![CDATA[Scenario Outline: Not logged in user should see their own language based on their browser

Example row: | ga |

Message:
]]>
    <![CDATA[expected to find text "Leathanach Baile" in "Accept and hide message Important notice about cookies The Digital Repository of Ireland uses cookies to implement access control to digital resources. To opt out of receiving cookies from DRI, please turn off cookies for this website in your browser preferences. Note that users who opt out will be unable to use some of the features of the Digital Repository. For more information please see our privacy statement and our cookies help pages. NuigRnag Search in All FieldsTitlePersonSubjectfor Search... Search Login | Register Bookmarks | History Home My Collections Ingest Users & Groups Sign in Email Password Remember Me Sign upForgot your password? Privacy & Cookies policy | About | Contact" (RSpec::Expectations::ExpectationNotMetError)
./features/step_definitions/internationalisation_steps.rb:7:in `/^I should see the language "([^"]*)"$/'
features/internationalisation.feature:19:in `Then I should see the language "<lang>"']]>
  </failure>
  <system-out/>
  <system-err/>
</testcase>
<testcase classname="" name="A logged in user should see languages that they have set in their profile (outline example : | en | englishuser | en |)" time="0.227246">
  <system-out/>
  <system-err/>
</testcase>
<testcase classname="" name="A logged in user should see languages that they have set in their profile (outline example : | ga | englishuser | en |)" time="0.133772">
  <system-out/>
  <system-err/>
</testcase>
<testcase classname="" name="A logged in user should see languages that they have set in their profile (outline example : | ga | irishuser | ga |)" time="0.238969">
  <system-out/>
  <system-err/>
</testcase>
<testcase classname="" name="A logged in user should see languages that they have set in their profile (outline example : | en | irishuser | ga |)" time="0.227258">
  <system-out/>
  <system-err/>
</testcase>
<testcase classname="" name="Changing from Language set in the profile to a different Language (outline example : | en | englishuser | en | ga |)" time="0.434547">
  <system-out/>
  <system-err/>
</testcase>
<testcase classname="" name="Changing from Language set in the profile to a different Language (outline example : | en | englishuser | ga | en |)" time="0.423156">
  <system-out/>
  <system-err/>
</testcase>
<testcase classname="" name="Changing from Language set in the profile to a different Language (outline example : | ga | englishuser | ga | en |)" time="0.412663">
  <system-out/>
  <system-err/>
</testcase>
<testcase classname="" name="Changing from Language set in the profile to a different Language (outline example : | ga | englishuser | en | ga |)" time="0.330649">
  <system-out/>
  <system-err/>
</testcase>
<testcase classname="" name="Changing from Language set in the profile to a different Language (outline example : | ga | irishuser | ga | en |)" time="0.412533">
  <system-out/>
  <system-err/>
</testcase>
<testcase classname="" name="Changing from Language set in the profile to a different Language (outline example : | ga | irishuser | en | ga |)" time="0.411493">
  <system-out/>
  <system-err/>
</testcase>
<testcase classname="" name="Changing from Language set in the profile to a different Language (outline example : | en | irishuser | ga | en |)" time="0.325545">
  <system-out/>
  <system-err/>
</testcase>
<testcase classname="" name="Changing from Language set in the profile to a different Language (outline example : | en | irishuser | en | ga |)" time="0.411267">
  <system-out/>
  <system-err/>
</testcase>
  <system-out>
    <![CDATA[]]>
  </system-out>
  <system-err>
    <![CDATA[]]>
  </system-err>
</testsuite>
