<?xml version="1.0" encoding="UTF-8"?>
<testsuite errors="0" failures="0" name="" skipped="0" tests="16" time="3.698901">
<testcase classname="" name="Navigate to the Sign in page" time="0.076501">
  <system-out/>
  <system-err/>
</testcase>
<testcase classname="" name="Navigate to the Sign up page" time="0.093220">
  <system-out/>
  <system-err/>
</testcase>
<testcase classname="" name="Creating a new valid user account" time="0.270117">
  <system-out/>
  <system-err/>
</testcase>
<testcase classname="" name="Creating an invalid user account with duplicate email" time="0.093366">
  <system-out/>
  <system-err/>
</testcase>
<testcase classname="" name="Creating an invalid user account with non-matching password confirmation" time="0.081674">
  <system-out/>
  <system-err/>
</testcase>
<testcase classname="" name="Creating an invalid user account with too short password" time="0.083157">
  <system-out/>
  <system-err/>
</testcase>
<testcase classname="" name="User signs in with valid credentials" time="0.103217">
  <system-out/>
  <system-err/>
</testcase>
<testcase classname="" name="User signs in with invalid credentials" time="0.076595">
  <system-out/>
  <system-err/>
</testcase>
<testcase classname="" name="Logging out" time="0.533361">
  <system-out/>
  <system-err/>
</testcase>
<testcase classname="" name="A user should be able to edit their details" time="1.305809">
  <system-out/>
  <system-err/>
</testcase>
<testcase classname="" name="A user should be able to cancel their account" time="0.160611">
  <system-out/>
  <system-err/>
</testcase>
<testcase classname="" name="A user should be able to recover their password" time="0.001108">
  <system-out/>
  <system-err/>
</testcase>
<testcase classname="" name="A user should be able to provide a profile image url" time="0.166480">
  <system-out/>
  <system-err/>
</testcase>
<testcase classname="" name="A user should be able to use gravatar for a profile image" time="0.165087">
  <system-out/>
  <system-err/>
</testcase>
<testcase classname="" name="A user should be able to remove their profile image" time="0.165638">
  <system-out/>
  <system-err/>
</testcase>
<testcase classname="" name="A user provides an invalid profile image url" time="0.322960">
  <system-out/>
  <system-err/>
</testcase>
  <system-out>
    <![CDATA[]]>
  </system-out>
  <system-err>
    <![CDATA[]]>
  </system-err>
</testsuite>
