<?xml version="1.0" encoding="UTF-8"?>
<testsuite errors="0" failures="0" name="" skipped="8" tests="8" time="0.082590">
<testcase classname="" name="Anonymous user access" time="0.006325">
  <skipped/>
  <system-out/>
  <system-err/>
</testcase>
<testcase classname="" name="Anonymous user search" time="0.011073">
  <skipped/>
  <system-out/>
  <system-err/>
</testcase>
<testcase classname="" name="Anonymous user wants to create an account" time="0.010680">
  <skipped/>
  <system-out/>
  <system-err/>
</testcase>
<testcase classname="" name="Logged in user search" time="0.013087">
  <skipped/>
  <system-out/>
  <system-err/>
</testcase>
<testcase classname="" name="Accessing restricted content by joining a group" time="0.014412">
  <skipped/>
  <system-out/>
  <system-err/>
</testcase>
<testcase classname="" name="Accessing restricted contact by contacting the collection manager" time="0.012443">
  <skipped/>
  <system-out/>
  <system-err/>
</testcase>
<testcase classname="" name="ingest for non-collection manager" time="0.005527">
  <skipped/>
  <system-out/>
  <system-err/>
</testcase>
<testcase classname="" name="Becoming a collection manager" time="0.009043">
  <skipped/>
  <system-out/>
  <system-err/>
</testcase>
  <system-out>
    <![CDATA[]]>
  </system-out>
  <system-err>
    <![CDATA[]]>
  </system-err>
</testsuite>
