<?xml version="1.0" encoding="UTF-8"?>
<testsuite errors="0" failures="0" name="Bug-360" skipped="0" tests="1" time="1.009335">
<testcase classname="Bug-360" name="Creating a new valid user account" time="1.009335">
  <system-out/>
  <system-err/>
</testcase>
  <system-out>
    <![CDATA[]]>
  </system-out>
  <system-err>
    <![CDATA[]]>
  </system-err>
</testsuite>
