<?xml version="1.0" encoding="UTF-8"?>
<testsuite errors="0" failures="0" name="Duplicates" skipped="0" tests="4" time="41.240661">
<testcase classname="Duplicates" name="Ingesting a duplicate Digital Object using metadata file upload" time="5.872888">
  <system-out/>
  <system-err/>
</testcase>
<testcase classname="Duplicates" name="Ingesting a duplicate Digital Object using form input" time="11.998459">
  <system-out/>
  <system-err/>
</testcase>
<testcase classname="Duplicates" name="Creating a duplicate Digital Object by replacing the metadata file" time="10.732881">
  <system-out/>
  <system-err/>
</testcase>
<testcase classname="Duplicates" name="Creating a duplicate Digital Object by editing with the metadata form" time="12.636433">
  <system-out/>
  <system-err/>
</testcase>
  <system-out>
    <![CDATA[]]>
  </system-out>
  <system-err>
    <![CDATA[]]>
  </system-err>
</testsuite>
