<?xml version="1.0" encoding="UTF-8"?>
<testsuite errors="0" failures="0" name="Export files" skipped="0" tests="2" time="92.892206">
<testcase classname="Export files" name="Export DigitalObject's metadata when I have edit/manage permissions" time="0.563136">
  <system-out/>
  <system-err/>
</testcase>
<testcase classname="Export files" name="Export a DigitalObject's asset when I have edit/manage permissions" time="92.329070">
  <system-out/>
  <system-err/>
</testcase>
  <system-out>
    <![CDATA[]]>
  </system-out>
  <system-err>
    <![CDATA[]]>
  </system-err>
</testsuite>
