<?xml version="1.0" encoding="UTF-8"?>
<testsuite errors="0" failures="0" name="DRI Data Model" skipped="0" tests="6" time="0.279514">
<testcase classname="DRI Data Model" name="DRI Data Model for Sound should not be valid without correct metadata" time="0.005405">
  <system-out/>
  <system-err/>
</testcase>
<testcase classname="DRI Data Model" name="DRI Data Model for Sound should have correct metadata fields and validate required ones" time="0.169840">
  <system-out/>
  <system-err/>
</testcase>
<testcase classname="DRI Data Model" name="DRI Data Model for Pdfdoc should not be valid without correct metadata" time="0.005953">
  <system-out/>
  <system-err/>
</testcase>
<testcase classname="DRI Data Model" name="DRI Data Model for Pdfdoc should have correct metadata fields and validate required ones" time="0.049888">
  <system-out/>
  <system-err/>
</testcase>
<testcase classname="DRI Data Model" name="DRI Data Model for Collection should not be valid without correct metadata" time="0.005975">
  <system-out/>
  <system-err/>
</testcase>
<testcase classname="DRI Data Model" name="DRI Data Model for Collection should have correct metadata fields and validate required ones" time="0.042453">
  <system-out/>
  <system-err/>
</testcase>
  <system-out>
    <![CDATA[]]>
  </system-out>
  <system-err>
    <![CDATA[]]>
  </system-err>
</testsuite>
