<?xml version="1.0" encoding="UTF-8"?>
<testsuite errors="0" failures="0" name="" skipped="0" tests="14" time="3.253466">
<testcase classname="" name="Not logged in user should see their own language based on their browser (outline example : | en |)" time="0.105209">
  <system-out/>
  <system-err/>
</testcase>
<testcase classname="" name="Not logged in user should see their own language based on their browser (outline example : | ga |)" time="0.105123">
  <system-out/>
  <system-err/>
</testcase>
<testcase classname="" name="A logged in user should see languages that they have set in their profile (outline example : | en | englishuser | en |)" time="0.154049">
  <system-out/>
  <system-err/>
</testcase>
<testcase classname="" name="A logged in user should see languages that they have set in their profile (outline example : | ga | englishuser | en |)" time="0.155016">
  <system-out/>
  <system-err/>
</testcase>
<testcase classname="" name="A logged in user should see languages that they have set in their profile (outline example : | ga | irishuser | ga |)" time="0.358970">
  <system-out/>
  <system-err/>
</testcase>
<testcase classname="" name="A logged in user should see languages that they have set in their profile (outline example : | en | irishuser | ga |)" time="0.154673">
  <system-out/>
  <system-err/>
</testcase>
<testcase classname="" name="Changing from Language set in the profile to a different Language (outline example : | en | englishuser | en | ga |)" time="0.241214">
  <system-out/>
  <system-err/>
</testcase>
<testcase classname="" name="Changing from Language set in the profile to a different Language (outline example : | en | englishuser | ga | en |)" time="0.236844">
  <system-out/>
  <system-err/>
</testcase>
<testcase classname="" name="Changing from Language set in the profile to a different Language (outline example : | ga | englishuser | ga | en |)" time="0.384261">
  <system-out/>
  <system-err/>
</testcase>
<testcase classname="" name="Changing from Language set in the profile to a different Language (outline example : | ga | englishuser | en | ga |)" time="0.246906">
  <system-out/>
  <system-err/>
</testcase>
<testcase classname="" name="Changing from Language set in the profile to a different Language (outline example : | ga | irishuser | ga | en |)" time="0.241729">
  <system-out/>
  <system-err/>
</testcase>
<testcase classname="" name="Changing from Language set in the profile to a different Language (outline example : | ga | irishuser | en | ga |)" time="0.386281">
  <system-out/>
  <system-err/>
</testcase>
<testcase classname="" name="Changing from Language set in the profile to a different Language (outline example : | en | irishuser | ga | en |)" time="0.243014">
  <system-out/>
  <system-err/>
</testcase>
<testcase classname="" name="Changing from Language set in the profile to a different Language (outline example : | en | irishuser | en | ga |)" time="0.240177">
  <system-out/>
  <system-err/>
</testcase>
  <system-out>
    <![CDATA[]]>
  </system-out>
  <system-err>
    <![CDATA[]]>
  </system-err>
</testsuite>
