<?xml version="1.0" encoding="UTF-8"?>
<testsuite errors="0" failures="0" name="Duplicates" skipped="0" tests="4" time="41.146291">
<testcase classname="Duplicates" name="Ingesting a duplicate Digital Object using metadata file upload" time="5.472586">
  <system-out/>
  <system-err/>
</testcase>
<testcase classname="Duplicates" name="Ingesting a duplicate Digital Object using form input" time="11.939836">
  <system-out/>
  <system-err/>
</testcase>
<testcase classname="Duplicates" name="Creating a duplicate Digital Object by replacing the metadata file" time="10.169064">
  <system-out/>
  <system-err/>
</testcase>
<testcase classname="Duplicates" name="Creating a duplicate Digital Object by editing with the metadata form" time="13.564805">
  <system-out/>
  <system-err/>
</testcase>
  <system-out>
    <![CDATA[]]>
  </system-out>
  <system-err>
    <![CDATA[]]>
  </system-err>
</testsuite>
