<?xml version="1.0" encoding="UTF-8"?>
<testsuite errors="0" failures="7" name="Search criteria" skipped="0" tests="25" time="83.169399">
<testcase classname="Search criteria" name="Faceted Search for a normal end-user (anonymous or registered) (outline example : | Subjects | blacklight-subject_sim | subject1 | SAMPLE AUDIO TITLE |)" time="3.533127">
  <failure message="failed Faceted Search for a normal end-user (anonymous or registered) (outline example : | Subjects | blacklight-subject_sim | subject1 | SAMPLE AUDIO TITLE |)" type="failed">
    <![CDATA[Scenario Outline: Faceted Search for a normal end-user (anonymous or registered)

Example row: | Subjects | blacklight-subject_sim | subject1 | SAMPLE AUDIO TITLE |

Message:
]]>
    <![CDATA[Unable to find css ".dri_title_dropdown" with text /^Subjects$/ (Capybara::ElementNotFound)
./features/step_definitions/search_steps.rb:13:in `block (2 levels) in <top (required)>'
./features/step_definitions/search_steps.rb:12:in `/^I search for "(.*?)" in facet "(.*?)" with id "(.*?)"$/'
features/admin/03-req-20-Search_Criteria.feature:40:in `And I search for "<search>" in facet "<facetname>" with id "<facetid>"']]>
  </failure>
  <system-out/>
  <system-err/>
</testcase>
<testcase classname="Search criteria" name="Faceted Search for a normal end-user (anonymous or registered) (outline example : | Subject (Place) | blacklight-geographical_coverage_sim | SAMPLE COUNTRY | SAMPLE AUDIO TITLE |)" time="2.902706">
  <failure message="failed Faceted Search for a normal end-user (anonymous or registered) (outline example : | Subject (Place) | blacklight-geographical_coverage_sim | SAMPLE COUNTRY | SAMPLE AUDIO TITLE |)" type="failed">
    <![CDATA[Scenario Outline: Faceted Search for a normal end-user (anonymous or registered)

Example row: | Subjects | blacklight-subject_sim | subject1 | SAMPLE AUDIO TITLE |

Message:
Example row: | Subject (Place) | blacklight-geographical_coverage_sim | SAMPLE COUNTRY | SAMPLE AUDIO TITLE |

Message:
]]>
    <![CDATA[Unable to find css ".dri_title_dropdown" with text /^Subject\ \(Place\)$/ (Capybara::ElementNotFound)
./features/step_definitions/search_steps.rb:13:in `block (2 levels) in <top (required)>'
./features/step_definitions/search_steps.rb:12:in `/^I search for "(.*?)" in facet "(.*?)" with id "(.*?)"$/'
features/admin/03-req-20-Search_Criteria.feature:40:in `And I search for "<search>" in facet "<facetname>" with id "<facetid>"']]>
  </failure>
  <system-out/>
  <system-err/>
</testcase>
<testcase classname="Search criteria" name="Faceted Search for a normal end-user (anonymous or registered) (outline example : | Subject (Era) | blacklight-temporal_coverage_sim | SAMPLE ERA | SAMPLE AUDIO TITLE |)" time="2.843762">
  <failure message="failed Faceted Search for a normal end-user (anonymous or registered) (outline example : | Subject (Era) | blacklight-temporal_coverage_sim | SAMPLE ERA | SAMPLE AUDIO TITLE |)" type="failed">
    <![CDATA[Scenario Outline: Faceted Search for a normal end-user (anonymous or registered)

Example row: | Subjects | blacklight-subject_sim | subject1 | SAMPLE AUDIO TITLE |

Message:
Example row: | Subject (Place) | blacklight-geographical_coverage_sim | SAMPLE COUNTRY | SAMPLE AUDIO TITLE |

Message:
Example row: | Subject (Era) | blacklight-temporal_coverage_sim | SAMPLE ERA | SAMPLE AUDIO TITLE |

Message:
]]>
    <![CDATA[Unable to find css ".dri_title_dropdown" with text /^Subject\ \(Era\)$/ (Capybara::ElementNotFound)
./features/step_definitions/search_steps.rb:13:in `block (2 levels) in <top (required)>'
./features/step_definitions/search_steps.rb:12:in `/^I search for "(.*?)" in facet "(.*?)" with id "(.*?)"$/'
features/admin/03-req-20-Search_Criteria.feature:40:in `And I search for "<search>" in facet "<facetname>" with id "<facetid>"']]>
  </failure>
  <system-out/>
  <system-err/>
</testcase>
<testcase classname="Search criteria" name="Faceted Search for a normal end-user (anonymous or registered) (outline example : | Names | blacklight-person_sim | Collins | SAMPLE AUDIO TITLE |)" time="3.699504">
  <failure message="failed Faceted Search for a normal end-user (anonymous or registered) (outline example : | Names | blacklight-person_sim | Collins | SAMPLE AUDIO TITLE |)" type="failed">
    <![CDATA[Scenario Outline: Faceted Search for a normal end-user (anonymous or registered)

Example row: | Subjects | blacklight-subject_sim | subject1 | SAMPLE AUDIO TITLE |

Message:
Example row: | Subject (Place) | blacklight-geographical_coverage_sim | SAMPLE COUNTRY | SAMPLE AUDIO TITLE |

Message:
Example row: | Subject (Era) | blacklight-temporal_coverage_sim | SAMPLE ERA | SAMPLE AUDIO TITLE |

Message:
Example row: | Names | blacklight-person_sim | Collins | SAMPLE AUDIO TITLE |

Message:
]]>
    <![CDATA[Unable to find css ".dri_title_dropdown" with text /^Names$/ (Capybara::ElementNotFound)
./features/step_definitions/search_steps.rb:13:in `block (2 levels) in <top (required)>'
./features/step_definitions/search_steps.rb:12:in `/^I search for "(.*?)" in facet "(.*?)" with id "(.*?)"$/'
features/admin/03-req-20-Search_Criteria.feature:40:in `And I search for "<search>" in facet "<facetname>" with id "<facetid>"']]>
  </failure>
  <system-out/>
  <system-err/>
</testcase>
<testcase classname="Search criteria" name="Faceted Search for a normal end-user (anonymous or registered) (outline example : | Language | blacklight-language_sim | English | SAMPLE AUDIO TITLE |)" time="4.154180">
  <failure message="failed Faceted Search for a normal end-user (anonymous or registered) (outline example : | Language | blacklight-language_sim | English | SAMPLE AUDIO TITLE |)" type="failed">
    <![CDATA[Scenario Outline: Faceted Search for a normal end-user (anonymous or registered)

Example row: | Subjects | blacklight-subject_sim | subject1 | SAMPLE AUDIO TITLE |

Message:
Example row: | Subject (Place) | blacklight-geographical_coverage_sim | SAMPLE COUNTRY | SAMPLE AUDIO TITLE |

Message:
Example row: | Subject (Era) | blacklight-temporal_coverage_sim | SAMPLE ERA | SAMPLE AUDIO TITLE |

Message:
Example row: | Names | blacklight-person_sim | Collins | SAMPLE AUDIO TITLE |

Message:
Example row: | Language | blacklight-language_sim | English | SAMPLE AUDIO TITLE |

Message:
]]>
    <![CDATA[Unable to find css ".dri_title_dropdown" with text /^Language$/ (Capybara::ElementNotFound)
./features/step_definitions/search_steps.rb:13:in `block (2 levels) in <top (required)>'
./features/step_definitions/search_steps.rb:12:in `/^I search for "(.*?)" in facet "(.*?)" with id "(.*?)"$/'
features/admin/03-req-20-Search_Criteria.feature:40:in `And I search for "<search>" in facet "<facetname>" with id "<facetid>"']]>
  </failure>
  <system-out/>
  <system-err/>
</testcase>
<testcase classname="Search criteria" name="Faceted Search for a normal end-user (anonymous or registered) (outline example : | Format | blacklight-object_type_sim | Sound | SAMPLE AUDIO TITLE |)" time="2.869522">
  <failure message="failed Faceted Search for a normal end-user (anonymous or registered) (outline example : | Format | blacklight-object_type_sim | Sound | SAMPLE AUDIO TITLE |)" type="failed">
    <![CDATA[Scenario Outline: Faceted Search for a normal end-user (anonymous or registered)

Example row: | Subjects | blacklight-subject_sim | subject1 | SAMPLE AUDIO TITLE |

Message:
Example row: | Subject (Place) | blacklight-geographical_coverage_sim | SAMPLE COUNTRY | SAMPLE AUDIO TITLE |

Message:
Example row: | Subject (Era) | blacklight-temporal_coverage_sim | SAMPLE ERA | SAMPLE AUDIO TITLE |

Message:
Example row: | Names | blacklight-person_sim | Collins | SAMPLE AUDIO TITLE |

Message:
Example row: | Language | blacklight-language_sim | English | SAMPLE AUDIO TITLE |

Message:
Example row: | Format | blacklight-object_type_sim | Sound | SAMPLE AUDIO TITLE |

Message:
]]>
    <![CDATA[Unable to find link or button "Sound" (Capybara::ElementNotFound)
./features/step_definitions/search_steps.rb:20:in `block (3 levels) in <top (required)>'
./features/step_definitions/web_steps.rb:3:in `block in with_scope'
./features/step_definitions/web_steps.rb:3:in `with_scope'
./features/step_definitions/search_steps.rb:19:in `block (2 levels) in <top (required)>'
./features/step_definitions/search_steps.rb:12:in `/^I search for "(.*?)" in facet "(.*?)" with id "(.*?)"$/'
features/admin/03-req-20-Search_Criteria.feature:40:in `And I search for "<search>" in facet "<facetname>" with id "<facetid>"']]>
  </failure>
  <system-out/>
  <system-err/>
</testcase>
<testcase classname="Search criteria" name="Faceted Search for a normal end-user (anonymous or registered) (outline example : | Collection | blacklight-root_collection_sim | Test collection | SAMPLE AUDIO TITLE |)" time="2.991934">
  <failure message="failed Faceted Search for a normal end-user (anonymous or registered) (outline example : | Collection | blacklight-root_collection_sim | Test collection | SAMPLE AUDIO TITLE |)" type="failed">
    <![CDATA[Scenario Outline: Faceted Search for a normal end-user (anonymous or registered)

Example row: | Subjects | blacklight-subject_sim | subject1 | SAMPLE AUDIO TITLE |

Message:
Example row: | Subject (Place) | blacklight-geographical_coverage_sim | SAMPLE COUNTRY | SAMPLE AUDIO TITLE |

Message:
Example row: | Subject (Era) | blacklight-temporal_coverage_sim | SAMPLE ERA | SAMPLE AUDIO TITLE |

Message:
Example row: | Names | blacklight-person_sim | Collins | SAMPLE AUDIO TITLE |

Message:
Example row: | Language | blacklight-language_sim | English | SAMPLE AUDIO TITLE |

Message:
Example row: | Format | blacklight-object_type_sim | Sound | SAMPLE AUDIO TITLE |

Message:
Example row: | Collection | blacklight-root_collection_sim | Test collection | SAMPLE AUDIO TITLE |

Message:
]]>
    <![CDATA[expected to find text "SAMPLE AUDIO TITLE" in "NuigRnag Search Results Accept and hide message Important notice about cookies The Digital Repository of Ireland uses cookies to implement access control to digital resources. To opt out of receiving cookies from DRI, please turn off cookies for this website in your browser preferences. Note that users who opt out will be unable to use some of the features of the Digital Repository. For more information please see our privacy statement and our cookies help pages. Sign Up Login English Gaeilge Home Collections ABOUT US Excepteur Sed ut perspiciatis Excepteur Ok Test collection x Refine your search 1 Record Status published (1) Format Collection (1) Collection Test collection (1) Test collection n/a n/a Collection Privacy & Cookies policy About Contact Sitemap" (RSpec::Expectations::ExpectationNotMetError)
./features/step_definitions/search_steps.rb:2:in `/^I should see a search result "(.*?)"$/'
features/admin/03-req-20-Search_Criteria.feature:41:in `Then I should see a search result "<result>"']]>
  </failure>
  <system-out/>
  <system-err/>
</testcase>
<testcase classname="Search criteria" name="Faceted Search for admin user (outline example : | Record Status | blacklight-status_sim | published | SAMPLE AUDIO TITLE |)" time="5.272938">
  <system-out/>
  <system-err/>
</testcase>
<testcase classname="Search criteria" name="Faceted Search for admin user (outline example : | Metadata Search Access | blacklight-private_metadata_isi | Public | SAMPLE AUDIO TITLE |)" time="3.564225">
  <system-out/>
  <system-err/>
</testcase>
<testcase classname="Search criteria" name="Faceted Search for admin user (outline example : | Master File Access | blacklight-master_file_isi | Private | SAMPLE AUDIO TITLE |)" time="3.433242">
  <system-out/>
  <system-err/>
</testcase>
<testcase classname="Search criteria" name="Faceted Search for admin user (outline example : | Subjects (in English) | blacklight-subject_eng_sim | subject1 | SAMPLE AUDIO TITLE |)" time="4.735383">
  <system-out/>
  <system-err/>
</testcase>
<testcase classname="Search criteria" name="Faceted Search for admin user (outline example : | Subject (Place) (in English) | blacklight-geographical_coverage_eng_sim | SAMPLE COUNTRY | SAMPLE AUDIO TITLE |)" time="6.630775">
  <system-out/>
  <system-err/>
</testcase>
<testcase classname="Search criteria" name="Faceted Search for admin user (outline example : | Subject (Era) (in English) | blacklight-temporal_coverage_eng_sim | SAMPLE ERA | SAMPLE AUDIO TITLE |)" time="4.537141">
  <system-out/>
  <system-err/>
</testcase>
<testcase classname="Search criteria" name="Successful search using AND boolean search string" time="4.293711">
  <system-out/>
  <system-err/>
</testcase>
<testcase classname="Search criteria" name="Unsuccessful search using AND boolean search string" time="2.827435">
  <system-out/>
  <system-err/>
</testcase>
<testcase classname="Search criteria" name="Successful search using OR boolean search string" time="3.030206">
  <system-out/>
  <system-err/>
</testcase>
<testcase classname="Search criteria" name="Unsuccessful search using OR boolean search string" time="2.512148">
  <system-out/>
  <system-err/>
</testcase>
<testcase classname="Search criteria" name="Successful search using NOT boolean search string" time="2.611156">
  <system-out/>
  <system-err/>
</testcase>
<testcase classname="Search criteria" name="Unsuccessful search using NOT boolean search string" time="3.391472">
  <system-out/>
  <system-err/>
</testcase>
<testcase classname="Search criteria" name="Successful search using &quot;+&quot;" time="2.552087">
  <system-out/>
  <system-err/>
</testcase>
<testcase classname="Search criteria" name="Unsuccessful search using &quot;+&quot;" time="2.569633">
  <system-out/>
  <system-err/>
</testcase>
<testcase classname="Search criteria" name="Successful search using &quot;-&quot;" time="2.979491">
  <system-out/>
  <system-err/>
</testcase>
<testcase classname="Search criteria" name="Unsuccessful search using &quot;-&quot;" time="2.763810">
  <system-out/>
  <system-err/>
</testcase>
<testcase classname="Search criteria" name="Wildcard search" time="2.468391">
  <system-out/>
  <system-err/>
</testcase>
<testcase classname="Search criteria" name="Search shall support fuzzy string matching" time="0.001420">
  <system-out/>
  <system-err/>
</testcase>
  <system-out>
    <![CDATA[]]>
  </system-out>
  <system-err>
    <![CDATA[]]>
  </system-err>
</testsuite>
