<?xml version="1.0" encoding="UTF-8"?>
<testsuite errors="0" failures="0" name="" skipped="0" tests="13" time="50.316906">
<testcase classname="" name="Navigating to the collections page" time="0.215833">
  <system-out/>
  <system-err/>
</testcase>
<testcase classname="" name="Constructing a valid collection" time="5.530805">
  <system-out/>
  <system-err/>
</testcase>
<testcase classname="" name="Constructing a collection with valid permissions" time="3.533605">
  <system-out/>
  <system-err/>
</testcase>
<testcase classname="" name="Constructing a collection with invalid permissions" time="3.664631">
  <system-out/>
  <system-err/>
</testcase>
<testcase classname="" name="Updating a collection with invalid permissions" time="1.917467">
  <system-out/>
  <system-err/>
</testcase>
<testcase classname="" name="Adding a Digital Object in a governing/non-governing collection (outline example : | dri:obj1 | Object 1 | Test 1 | Sound | Test Rights | dri:coll1 | governing |)" time="11.686600">
  <system-out/>
  <system-err/>
</testcase>
<testcase classname="" name="Adding a Digital Object in a governing/non-governing collection (outline example : | dri:obj2 | Object 2 | Test 2 | Text | Test Rights | dri:coll1 | governing |)" time="2.807945">
  <system-out/>
  <system-err/>
</testcase>
<testcase classname="" name="Adding a Digital Object in a governing/non-governing collection (outline example : | dri:obj3 | Object 3 | Test 3 | Sound | Test Rights | dri:coll2 | non-governing |)" time="2.501295">
  <system-out/>
  <system-err/>
</testcase>
<testcase classname="" name="Adding a Digital Object in a governing/non-governing collection (outline example : | dri:obj4 | Object 4 | Test 4 | Text | Test Rights | dri:coll2 | non-governing |)" time="3.034859">
  <system-out/>
  <system-err/>
</testcase>
<testcase classname="" name="Creating Digital Object in a governing collection using the web forms (outline example : | dri:obj1 | Object 1 | dri:coll1 | governing |)" time="9.375892">
  <system-out/>
  <system-err/>
</testcase>
<testcase classname="" name="Deleting a collection as an admin" time="2.840087">
  <system-out/>
  <system-err/>
</testcase>
<testcase classname="" name="Non-admin should not be given option to delete" time="2.511339">
  <system-out/>
  <system-err/>
</testcase>
<testcase classname="" name="Committing a Digital Object which is a duplicate of an existing Digital Object in the same collection" time="0.696548">
  <system-out/>
  <system-err/>
</testcase>
  <system-out>
    <![CDATA[]]>
  </system-out>
  <system-err>
    <![CDATA[]]>
  </system-err>
</testsuite>
