<?xml version="1.0" encoding="UTF-8"?>
<testsuite errors="0" failures="0" name="Duplicates" skipped="0" tests="4" time="25.902657">
<testcase classname="Duplicates" name="Ingesting a duplicate Digital Object using metadata file upload" time="4.366939">
  <system-out/>
  <system-err/>
</testcase>
<testcase classname="Duplicates" name="Ingesting a duplicate Digital Object using form input" time="7.006737">
  <system-out/>
  <system-err/>
</testcase>
<testcase classname="Duplicates" name="Creating a duplicate Digital Object by replacing the metadata file" time="8.151945">
  <system-out/>
  <system-err/>
</testcase>
<testcase classname="Duplicates" name="Creating a duplicate Digital Object by editing with the metadata form" time="6.377036">
  <system-out/>
  <system-err/>
</testcase>
  <system-out>
    <![CDATA[]]>
  </system-out>
  <system-err>
    <![CDATA[]]>
  </system-err>
</testsuite>
